<?xml version="1.0" encoding="UTF-8"?>
<!-- Generated by org.testng.reporters.JUnitReportReporter -->
<testsuite hostname="DESKTOP-MSUCRPV" name="TestngActPack.TestClass1" tests="1" failures="0" timestamp="4 Dec 2019 03:50:55 GMT" time="0.037" errors="0">
  <testcase name="m2" time="0.037" classname="TestngActPack.TestClass1"/>
</testsuite> <!-- TestngActPack.TestClass1 -->
