<?xml version="1.0" encoding="UTF-8"?>
<!-- Generated by org.testng.reporters.JUnitReportReporter -->
<testsuite hostname="DESKTOP-MSUCRPV" name="org.cucumberTestng.cucumberTestng.TestRunnertest" tests="1" failures="0" timestamp="26 Nov 2019 18:45:26 GMT" time="2.247" errors="0">
  <testcase name="feature" time="2.247" classname="org.cucumberTestng.cucumberTestng.TestRunnertest"/>
</testsuite> <!-- org.cucumberTestng.cucumberTestng.TestRunnertest -->
